<?xml version="1.0" encoding="UTF-8"?>
<!-- Generated by org.testng.reporters.JUnitReportReporter -->
<testsuite hostname="TYSS-Chaithra" failures="0" tests="1" name="com.sdet.vtigerlogin.LoginTest" time="1.736" errors="0" timestamp="2021-11-25T12:19:49 IST" skipped="1">
  <testcase classname="com.sdet.vtigerlogin.LoginTest" name="verifyUserAbleToLoginWithalidCredentials" time="1.736">
    <skipped/>
  </testcase> <!-- verifyUserAbleToLoginWithalidCredentials -->
  <system-out>
    <![CDATA[launching chrome browser
Maximizing the window
Setting implict wait to 10 seconds]]>
  </system-out>
</testsuite> <!-- com.sdet.vtigerlogin.LoginTest -->
